<?xml version="1.0" encoding="ASCII"?>
<lst:ProgramList xmi:version="2.0" xmlns:xmi="http://www.omg.org/XMI" xmlns:xsi="http://www.w3.org/2001/XMLSchema-instance" xmlns:lst="http://e.hu/compiler/list" name="main">
  <step xsi:type="lst:SequenceStep" name="GLOBAL">
    <steps xsi:type="lst:SequenceStep">
      <steps xsi:type="lst:SequenceStep" name="Call main">
        <steps xsi:type="lst:SequenceStep" name="main.main">
          <steps xsi:type="lst:SequenceStep">
            <steps xsi:type="lst:SequenceStep" name="SET(e.platform.uint8@153, 242)">
              <steps xsi:type="lst:SequenceStep" name="{}hu.e.compiler.internal.model.symbols.impl.NullSymbol@8f2019">
                <steps xsi:type="lst:SequenceStep" name="pic16.platform.set_u8">
                  <steps xsi:type="lst:SequenceStep">
                    <steps xsi:type="lst:SequenceStep">
                      <steps xsi:type="lst:SequenceStep" name="0"/>
                      <steps xsi:type="lst:SequenceStep">
                        <steps xsi:type="lst:SequenceStep" name="Call MOVLW">
                          <steps xsi:type="lst:SequenceStep" name="microchip.pic16.MOVLW">
                            <steps xsi:type="lst:SequenceStep">
                              <steps xsi:type="lst:InstructionStep" code="12530" width="14"/>
                            </steps>
                          </steps>
                        </steps>
                        <steps xsi:type="lst:SequenceStep" name="Call SELECTB">
                          <steps xsi:type="lst:SequenceStep" name="pic16.bankselect.SELECTB">
                            <steps xsi:type="lst:SequenceStep">
                              <steps xsi:type="lst:AnnotationStep" key="pic16.bankselect.bankSelectOptimization"/>
                              <steps xsi:type="lst:InstructionStep" code="33" width="14"/>
                            </steps>
                          </steps>
                        </steps>
                        <steps xsi:type="lst:SequenceStep" name="Call MOVWF">
                          <steps xsi:type="lst:SequenceStep" name="microchip.pic16.MOVWF">
                            <steps xsi:type="lst:SequenceStep">
                              <steps xsi:type="lst:InstructionStep" code="153" width="14"/>
                            </steps>
                          </steps>
                        </steps>
                      </steps>
                    </steps>
                  </steps>
                </steps>
              </steps>
            </steps>
            <steps xsi:type="lst:SequenceStep" name="SET(e.platform.uint8@152, 31)">
              <steps xsi:type="lst:SequenceStep" name="{}hu.e.compiler.internal.model.symbols.impl.NullSymbol@12992c">
                <steps xsi:type="lst:SequenceStep" name="pic16.platform.set_u8">
                  <steps xsi:type="lst:SequenceStep">
                    <steps xsi:type="lst:SequenceStep">
                      <steps xsi:type="lst:SequenceStep" name="0"/>
                      <steps xsi:type="lst:SequenceStep">
                        <steps xsi:type="lst:SequenceStep" name="Call MOVLW">
                          <steps xsi:type="lst:SequenceStep" name="microchip.pic16.MOVLW">
                            <steps xsi:type="lst:SequenceStep">
                              <steps xsi:type="lst:InstructionStep" code="12319" width="14"/>
                            </steps>
                          </steps>
                        </steps>
                        <steps xsi:type="lst:SequenceStep" name="Call SELECTB">
                          <steps xsi:type="lst:SequenceStep" name="pic16.bankselect.SELECTB">
                            <steps xsi:type="lst:SequenceStep">
                              <steps xsi:type="lst:AnnotationStep" key="pic16.bankselect.bankSelectOptimization"/>
                              <steps xsi:type="lst:InstructionStep" code="33" width="14"/>
                            </steps>
                          </steps>
                        </steps>
                        <steps xsi:type="lst:SequenceStep" name="Call MOVWF">
                          <steps xsi:type="lst:SequenceStep" name="microchip.pic16.MOVWF">
                            <steps xsi:type="lst:SequenceStep">
                              <steps xsi:type="lst:InstructionStep" code="152" width="14"/>
                            </steps>
                          </steps>
                        </steps>
                      </steps>
                    </steps>
                  </steps>
                </steps>
              </steps>
            </steps>
            <steps xsi:type="lst:SequenceStep" name="SET(e.platform.uint8@411, 25)">
              <steps xsi:type="lst:SequenceStep" name="{}hu.e.compiler.internal.model.symbols.impl.NullSymbol@12f73dd">
                <steps xsi:type="lst:SequenceStep" name="pic16.platform.set_u8">
                  <steps xsi:type="lst:SequenceStep">
                    <steps xsi:type="lst:SequenceStep">
                      <steps xsi:type="lst:SequenceStep" name="0"/>
                      <steps xsi:type="lst:SequenceStep">
                        <steps xsi:type="lst:SequenceStep" name="Call MOVLW">
                          <steps xsi:type="lst:SequenceStep" name="microchip.pic16.MOVLW">
                            <steps xsi:type="lst:SequenceStep">
                              <steps xsi:type="lst:InstructionStep" code="12313" width="14"/>
                            </steps>
                          </steps>
                        </steps>
                        <steps xsi:type="lst:SequenceStep" name="Call SELECTB">
                          <steps xsi:type="lst:SequenceStep" name="pic16.bankselect.SELECTB">
                            <steps xsi:type="lst:SequenceStep">
                              <steps xsi:type="lst:AnnotationStep" key="pic16.bankselect.bankSelectOptimization"/>
                              <steps xsi:type="lst:InstructionStep" code="35" width="14"/>
                            </steps>
                          </steps>
                        </steps>
                        <steps xsi:type="lst:SequenceStep" name="Call MOVWF">
                          <steps xsi:type="lst:SequenceStep" name="microchip.pic16.MOVWF">
                            <steps xsi:type="lst:SequenceStep">
                              <steps xsi:type="lst:InstructionStep" code="155" width="14"/>
                            </steps>
                          </steps>
                        </steps>
                      </steps>
                    </steps>
                  </steps>
                </steps>
              </steps>
            </steps>
            <steps xsi:type="lst:SequenceStep" name="SET(e.platform.uint8@412, 0)">
              <steps xsi:type="lst:SequenceStep" name="{}hu.e.compiler.internal.model.symbols.impl.NullSymbol@1cc340b">
                <steps xsi:type="lst:SequenceStep" name="pic16.platform.set_u8">
                  <steps xsi:type="lst:SequenceStep">
                    <steps xsi:type="lst:SequenceStep">
                      <steps xsi:type="lst:SequenceStep" name="1"/>
                      <steps xsi:type="lst:SequenceStep">
                        <steps xsi:type="lst:SequenceStep" name="Call SELECTB">
                          <steps xsi:type="lst:SequenceStep" name="pic16.bankselect.SELECTB">
                            <steps xsi:type="lst:SequenceStep">
                              <steps xsi:type="lst:AnnotationStep" key="pic16.bankselect.bankSelectOptimization"/>
                              <steps xsi:type="lst:InstructionStep" code="35" width="14"/>
                            </steps>
                          </steps>
                        </steps>
                        <steps xsi:type="lst:SequenceStep" name="Call CLRF">
                          <steps xsi:type="lst:SequenceStep" name="microchip.pic16.CLRF">
                            <steps xsi:type="lst:SequenceStep">
                              <steps xsi:type="lst:InstructionStep" code="412" width="14"/>
                            </steps>
                          </steps>
                        </steps>
                      </steps>
                    </steps>
                  </steps>
                </steps>
              </steps>
            </steps>
            <steps xsi:type="lst:SequenceStep" name="SET(e.platform.uint8@415, 0)">
              <steps xsi:type="lst:SequenceStep" name="{}hu.e.compiler.internal.model.symbols.impl.NullSymbol@48172">
                <steps xsi:type="lst:SequenceStep" name="pic16.platform.set_u8">
                  <steps xsi:type="lst:SequenceStep">
                    <steps xsi:type="lst:SequenceStep">
                      <steps xsi:type="lst:SequenceStep" name="1"/>
                      <steps xsi:type="lst:SequenceStep">
                        <steps xsi:type="lst:SequenceStep" name="Call SELECTB">
                          <steps xsi:type="lst:SequenceStep" name="pic16.bankselect.SELECTB">
                            <steps xsi:type="lst:SequenceStep">
                              <steps xsi:type="lst:AnnotationStep" key="pic16.bankselect.bankSelectOptimization"/>
                              <steps xsi:type="lst:InstructionStep" code="35" width="14"/>
                            </steps>
                          </steps>
                        </steps>
                        <steps xsi:type="lst:SequenceStep" name="Call CLRF">
                          <steps xsi:type="lst:SequenceStep" name="microchip.pic16.CLRF">
                            <steps xsi:type="lst:SequenceStep">
                              <steps xsi:type="lst:InstructionStep" code="415" width="14"/>
                            </steps>
                          </steps>
                        </steps>
                      </steps>
                    </steps>
                  </steps>
                </steps>
              </steps>
            </steps>
            <steps xsi:type="lst:SequenceStep" name="SET(e.platform.uint8@414, 32)">
              <steps xsi:type="lst:SequenceStep" name="{}hu.e.compiler.internal.model.symbols.impl.NullSymbol@1b30a69">
                <steps xsi:type="lst:SequenceStep" name="pic16.platform.set_u8">
                  <steps xsi:type="lst:SequenceStep">
                    <steps xsi:type="lst:SequenceStep">
                      <steps xsi:type="lst:SequenceStep" name="0"/>
                      <steps xsi:type="lst:SequenceStep">
                        <steps xsi:type="lst:SequenceStep" name="Call MOVLW">
                          <steps xsi:type="lst:SequenceStep" name="microchip.pic16.MOVLW">
                            <steps xsi:type="lst:SequenceStep">
                              <steps xsi:type="lst:InstructionStep" code="12320" width="14"/>
                            </steps>
                          </steps>
                        </steps>
                        <steps xsi:type="lst:SequenceStep" name="Call SELECTB">
                          <steps xsi:type="lst:SequenceStep" name="pic16.bankselect.SELECTB">
                            <steps xsi:type="lst:SequenceStep">
                              <steps xsi:type="lst:AnnotationStep" key="pic16.bankselect.bankSelectOptimization"/>
                              <steps xsi:type="lst:InstructionStep" code="35" width="14"/>
                            </steps>
                          </steps>
                        </steps>
                        <steps xsi:type="lst:SequenceStep" name="Call MOVWF">
                          <steps xsi:type="lst:SequenceStep" name="microchip.pic16.MOVWF">
                            <steps xsi:type="lst:SequenceStep">
                              <steps xsi:type="lst:InstructionStep" code="158" width="14"/>
                            </steps>
                          </steps>
                        </steps>
                      </steps>
                    </steps>
                  </steps>
                </steps>
              </steps>
            </steps>
            <steps xsi:type="lst:SequenceStep" name="SET(e.platform.uint8@413, 128)">
              <steps xsi:type="lst:SequenceStep" name="{}hu.e.compiler.internal.model.symbols.impl.NullSymbol@310caf">
                <steps xsi:type="lst:SequenceStep" name="pic16.platform.set_u8">
                  <steps xsi:type="lst:SequenceStep">
                    <steps xsi:type="lst:SequenceStep">
                      <steps xsi:type="lst:SequenceStep" name="0"/>
                      <steps xsi:type="lst:SequenceStep">
                        <steps xsi:type="lst:SequenceStep" name="Call MOVLW">
                          <steps xsi:type="lst:SequenceStep" name="microchip.pic16.MOVLW">
                            <steps xsi:type="lst:SequenceStep">
                              <steps xsi:type="lst:InstructionStep" code="12416" width="14"/>
                            </steps>
                          </steps>
                        </steps>
                        <steps xsi:type="lst:SequenceStep" name="Call SELECTB">
                          <steps xsi:type="lst:SequenceStep" name="pic16.bankselect.SELECTB">
                            <steps xsi:type="lst:SequenceStep">
                              <steps xsi:type="lst:AnnotationStep" key="pic16.bankselect.bankSelectOptimization"/>
                              <steps xsi:type="lst:InstructionStep" code="35" width="14"/>
                            </steps>
                          </steps>
                        </steps>
                        <steps xsi:type="lst:SequenceStep" name="Call MOVWF">
                          <steps xsi:type="lst:SequenceStep" name="microchip.pic16.MOVWF">
                            <steps xsi:type="lst:SequenceStep">
                              <steps xsi:type="lst:InstructionStep" code="157" width="14"/>
                            </steps>
                          </steps>
                        </steps>
                      </steps>
                    </steps>
                  </steps>
                </steps>
              </steps>
            </steps>
            <steps xsi:type="lst:SequenceStep" name="Call mainloop">
              <steps xsi:type="lst:SequenceStep" name="main.mainloop">
                <steps xsi:type="lst:SequenceStep">
                  <steps xsi:type="lst:SequenceStep" name="SET(e.platform.uint8@d, 0)">
                    <steps xsi:type="lst:SequenceStep" name="{}hu.e.compiler.internal.model.symbols.impl.NullSymbol@1b92fd3">
                      <steps xsi:type="lst:SequenceStep" name="pic16.platform.set_u8">
                        <steps xsi:type="lst:SequenceStep">
                          <steps xsi:type="lst:SequenceStep">
                            <steps xsi:type="lst:SequenceStep" name="1"/>
                            <steps xsi:type="lst:SequenceStep">
                              <steps xsi:type="lst:SequenceStep" name="Call SELECTB">
                                <steps xsi:type="lst:SequenceStep" name="pic16.bankselect.SELECTB">
                                  <steps xsi:type="lst:SequenceStep">
                                    <steps xsi:type="lst:AnnotationStep" key="pic16.bankselect.bankSelectOptimization"/>
                                    <steps xsi:type="lst:InstructionStep" code="32" width="14">
                                      <refs shift="7" size="5" value="//@step/@steps.0/@steps.0/@steps.0/@steps.0/@steps.7/@steps.0/@steps.0/@variables.0"/>
                                    </steps>
                                  </steps>
                                </steps>
                              </steps>
                              <steps xsi:type="lst:SequenceStep" name="Call CLRF">
                                <steps xsi:type="lst:SequenceStep" name="microchip.pic16.CLRF">
                                  <steps xsi:type="lst:SequenceStep">
                                    <steps xsi:type="lst:InstructionStep" code="384" width="14">
                                      <refs size="7" value="//@step/@steps.0/@steps.0/@steps.0/@steps.0/@steps.7/@steps.0/@steps.0/@variables.0"/>
                                    </steps>
                                  </steps>
                                </steps>
                              </steps>
                            </steps>
                          </steps>
                        </steps>
                      </steps>
                    </steps>
                  </steps>
                  <steps xsi:type="lst:LabelStep"/>
                  <steps xsi:type="lst:SequenceStep" name="Call tryToSendByte">
                    <steps xsi:type="lst:SequenceStep" name="main.tryToSendByte">
                      <steps xsi:type="lst:SequenceStep">
                        <steps xsi:type="lst:SequenceStep" name="SET(e.platform.bool@result, 0)">
                          <steps xsi:type="lst:SequenceStep" name="{}hu.e.compiler.internal.model.symbols.impl.NullSymbol@6fc336">
                            <steps xsi:type="lst:SequenceStep" name="pic16.platform.set_bool">
                              <steps xsi:type="lst:SequenceStep">
                                <steps xsi:type="lst:SequenceStep">
                                  <steps xsi:type="lst:SequenceStep" name="Call SELECTB">
                                    <steps xsi:type="lst:SequenceStep" name="pic16.bankselect.SELECTB">
                                      <steps xsi:type="lst:SequenceStep">
                                        <steps xsi:type="lst:AnnotationStep" key="pic16.bankselect.bankSelectOptimization"/>
                                        <steps xsi:type="lst:InstructionStep" code="32" width="14">
                                          <refs shift="7" size="5" value="//@step/@steps.0/@steps.0/@steps.0/@steps.0/@steps.7/@steps.0/@steps.0/@variables.1"/>
                                        </steps>
                                      </steps>
                                    </steps>
                                  </steps>
                                  <steps xsi:type="lst:SequenceStep">
                                    <steps xsi:type="lst:SequenceStep" name="Call BCF">
                                      <steps xsi:type="lst:SequenceStep" name="microchip.pic16.BCF">
                                        <steps xsi:type="lst:SequenceStep">
                                          <steps xsi:type="lst:InstructionStep" code="4096" width="14">
                                            <refs size="7" value="//@step/@steps.0/@steps.0/@steps.0/@steps.0/@steps.7/@steps.0/@steps.0/@variables.1"/>
                                          </steps>
                                        </steps>
                                      </steps>
                                    </steps>
                                  </steps>
                                </steps>
                              </steps>
                            </steps>
                          </steps>
                        </steps>
                        <steps xsi:type="lst:SequenceStep" name="Call SELECTB">
                          <steps xsi:type="lst:SequenceStep" name="pic16.bankselect.SELECTB">
                            <steps xsi:type="lst:SequenceStep">
                              <steps xsi:type="lst:AnnotationStep" key="pic16.bankselect.bankSelectOptimization"/>
                              <steps xsi:type="lst:InstructionStep" code="35" width="14"/>
                            </steps>
                          </steps>
                        </steps>
                        <steps xsi:type="lst:SequenceStep" name="Call BTFSS">
                          <steps xsi:type="lst:SequenceStep" name="microchip.pic16.BTFSS">
                            <steps xsi:type="lst:SequenceStep">
                              <steps xsi:type="lst:InstructionStep" code="7326" width="14"/>
                            </steps>
                          </steps>
                        </steps>
                        <steps xsi:type="lst:SequenceStep" name="Call GOTO">
                          <steps xsi:type="lst:SequenceStep" name="microchip.pic16.GOTO">
                            <steps xsi:type="lst:SequenceStep">
                              <steps xsi:type="lst:InstructionStep" code="10240" width="14">
                                <refs size="11" value="//@step/@steps.0/@steps.0/@steps.0/@steps.0/@steps.7/@steps.0/@steps.0/@steps.2/@steps.0/@steps.0/@steps.6"/>
                              </steps>
                            </steps>
                          </steps>
                        </steps>
                        <steps xsi:type="lst:SequenceStep" name="SET(e.platform.uint8@410, e.platform.uint8@d)">
                          <steps xsi:type="lst:SequenceStep" name="{}hu.e.compiler.internal.model.symbols.impl.NullSymbol@45b7e3">
                            <steps xsi:type="lst:SequenceStep" name="pic16.platform.set_u8">
                              <steps xsi:type="lst:SequenceStep">
                                <steps xsi:type="lst:SequenceStep">
                                  <steps xsi:type="lst:SequenceStep" name="Call SELECTB">
                                    <steps xsi:type="lst:SequenceStep" name="pic16.bankselect.SELECTB">
                                      <steps xsi:type="lst:SequenceStep">
                                        <steps xsi:type="lst:AnnotationStep" key="pic16.bankselect.bankSelectOptimization"/>
                                        <steps xsi:type="lst:InstructionStep" code="32" width="14">
                                          <refs shift="7" size="5" value="//@step/@steps.0/@steps.0/@steps.0/@steps.0/@steps.7/@steps.0/@steps.0/@variables.0"/>
                                        </steps>
                                      </steps>
                                    </steps>
                                  </steps>
                                  <steps xsi:type="lst:SequenceStep" name="Call MOVF">
                                    <steps xsi:type="lst:SequenceStep" name="microchip.pic16.MOVF">
                                      <steps xsi:type="lst:SequenceStep">
                                        <steps xsi:type="lst:InstructionStep" code="2048" width="14">
                                          <refs size="7" value="//@step/@steps.0/@steps.0/@steps.0/@steps.0/@steps.7/@steps.0/@steps.0/@variables.0"/>
                                        </steps>
                                      </steps>
                                    </steps>
                                  </steps>
                                  <steps xsi:type="lst:SequenceStep" name="Call SELECTB">
                                    <steps xsi:type="lst:SequenceStep" name="pic16.bankselect.SELECTB">
                                      <steps xsi:type="lst:SequenceStep">
                                        <steps xsi:type="lst:AnnotationStep" key="pic16.bankselect.bankSelectOptimization"/>
                                        <steps xsi:type="lst:InstructionStep" code="35" width="14"/>
                                      </steps>
                                    </steps>
                                  </steps>
                                  <steps xsi:type="lst:SequenceStep" name="Call MOVWF">
                                    <steps xsi:type="lst:SequenceStep" name="microchip.pic16.MOVWF">
                                      <steps xsi:type="lst:SequenceStep">
                                        <steps xsi:type="lst:InstructionStep" code="154" width="14"/>
                                      </steps>
                                    </steps>
                                  </steps>
                                </steps>
                              </steps>
                            </steps>
                          </steps>
                        </steps>
                        <steps xsi:type="lst:SequenceStep" name="SET(e.platform.bool@result, 1)">
                          <steps xsi:type="lst:SequenceStep" name="{}hu.e.compiler.internal.model.symbols.impl.NullSymbol@1db5a86">
                            <steps xsi:type="lst:SequenceStep" name="pic16.platform.set_bool">
                              <steps xsi:type="lst:SequenceStep">
                                <steps xsi:type="lst:SequenceStep">
                                  <steps xsi:type="lst:SequenceStep" name="Call SELECTB">
                                    <steps xsi:type="lst:SequenceStep" name="pic16.bankselect.SELECTB">
                                      <steps xsi:type="lst:SequenceStep">
                                        <steps xsi:type="lst:AnnotationStep" key="pic16.bankselect.bankSelectOptimization"/>
                                        <steps xsi:type="lst:InstructionStep" code="32" width="14">
                                          <refs shift="7" size="5" value="//@step/@steps.0/@steps.0/@steps.0/@steps.0/@steps.7/@steps.0/@steps.0/@variables.1"/>
                                        </steps>
                                      </steps>
                                    </steps>
                                  </steps>
                                  <steps xsi:type="lst:SequenceStep">
                                    <steps xsi:type="lst:SequenceStep" name="Call BSF">
                                      <steps xsi:type="lst:SequenceStep" name="microchip.pic16.BSF">
                                        <steps xsi:type="lst:SequenceStep">
                                          <steps xsi:type="lst:InstructionStep" code="5120" width="14">
                                            <refs size="7" value="//@step/@steps.0/@steps.0/@steps.0/@steps.0/@steps.7/@steps.0/@steps.0/@variables.1"/>
                                          </steps>
                                        </steps>
                                      </steps>
                                    </steps>
                                  </steps>
                                </steps>
                              </steps>
                            </steps>
                          </steps>
                        </steps>
                        <steps xsi:type="lst:LabelStep"/>
                      </steps>
                    </steps>
                  </steps>
                  <steps xsi:type="lst:SequenceStep" name="pic16.platform.branch_bool">
                    <steps xsi:type="lst:SequenceStep">
                      <steps xsi:type="lst:SequenceStep" name="Call SELECTB">
                        <steps xsi:type="lst:SequenceStep" name="pic16.bankselect.SELECTB">
                          <steps xsi:type="lst:SequenceStep">
                            <steps xsi:type="lst:AnnotationStep" key="pic16.bankselect.bankSelectOptimization"/>
                            <steps xsi:type="lst:InstructionStep" code="32" width="14">
                              <refs shift="7" size="5" value="//@step/@steps.0/@steps.0/@steps.0/@steps.0/@steps.7/@steps.0/@steps.0/@variables.1"/>
                            </steps>
                          </steps>
                        </steps>
                      </steps>
                      <steps xsi:type="lst:SequenceStep" name="Call BTFSC">
                        <steps xsi:type="lst:SequenceStep" name="microchip.pic16.BTFSC">
                          <steps xsi:type="lst:SequenceStep">
                            <steps xsi:type="lst:InstructionStep" code="6144" width="14">
                              <refs size="7" value="//@step/@steps.0/@steps.0/@steps.0/@steps.0/@steps.7/@steps.0/@steps.0/@variables.1"/>
                            </steps>
                          </steps>
                        </steps>
                      </steps>
                      <steps xsi:type="lst:SequenceStep" name="Call GOTO">
                        <steps xsi:type="lst:SequenceStep" name="microchip.pic16.GOTO">
                          <steps xsi:type="lst:SequenceStep">
                            <steps xsi:type="lst:InstructionStep" code="10240" width="14">
                              <refs size="11" value="//@step/@steps.0/@steps.0/@steps.0/@steps.0/@steps.7/@steps.0/@steps.0/@steps.4"/>
                            </steps>
                          </steps>
                        </steps>
                      </steps>
                      <steps xsi:type="lst:SequenceStep" name="Call GOTO">
                        <steps xsi:type="lst:SequenceStep" name="microchip.pic16.GOTO">
                          <steps xsi:type="lst:SequenceStep">
                            <steps xsi:type="lst:InstructionStep" code="10240" width="14">
                              <refs size="11" value="//@step/@steps.0/@steps.0/@steps.0/@steps.0/@steps.7/@steps.0/@steps.0/@steps.6"/>
                            </steps>
                          </steps>
                        </steps>
                      </steps>
                    </steps>
                  </steps>
                  <steps xsi:type="lst:LabelStep"/>
                  <steps xsi:type="lst:SequenceStep">
                    <steps xsi:type="lst:SequenceStep" name="SET(e.platform.uint8@d, ADD(e.platform.uint8@d, 1))">
                      <steps xsi:type="lst:SequenceStep" name="ADD(e.platform.uint8@d, 1)">
                        <steps xsi:type="lst:SequenceStep" name="{}hu.e.compiler.internal.model.symbols.impl.NullSymbol@1c7edce">
                          <steps xsi:type="lst:SequenceStep" name="pic16.platform.set_u8">
                            <steps xsi:type="lst:SequenceStep">
                              <steps xsi:type="lst:SequenceStep">
                                <steps xsi:type="lst:SequenceStep" name="Call SELECTB">
                                  <steps xsi:type="lst:SequenceStep" name="pic16.bankselect.SELECTB">
                                    <steps xsi:type="lst:SequenceStep">
                                      <steps xsi:type="lst:AnnotationStep" key="pic16.bankselect.bankSelectOptimization"/>
                                      <steps xsi:type="lst:InstructionStep" code="32" width="14">
                                        <refs shift="7" size="5" value="//@step/@steps.0/@steps.0/@steps.0/@steps.0/@steps.7/@steps.0/@steps.0/@variables.0"/>
                                      </steps>
                                    </steps>
                                  </steps>
                                </steps>
                                <steps xsi:type="lst:SequenceStep" name="Call MOVF">
                                  <steps xsi:type="lst:SequenceStep" name="microchip.pic16.MOVF">
                                    <steps xsi:type="lst:SequenceStep">
                                      <steps xsi:type="lst:InstructionStep" code="2048" width="14">
                                        <refs size="7" value="//@step/@steps.0/@steps.0/@steps.0/@steps.0/@steps.7/@steps.0/@steps.0/@variables.0"/>
                                      </steps>
                                    </steps>
                                  </steps>
                                </steps>
                                <steps xsi:type="lst:SequenceStep" name="Call SELECTB">
                                  <steps xsi:type="lst:SequenceStep" name="pic16.bankselect.SELECTB">
                                    <steps xsi:type="lst:SequenceStep">
                                      <steps xsi:type="lst:AnnotationStep" key="pic16.bankselect.bankSelectOptimization"/>
                                      <steps xsi:type="lst:InstructionStep" code="32" width="14">
                                        <refs shift="7" size="5" value="//@step/@steps.0/@steps.0/@steps.0/@steps.0/@steps.7/@steps.0/@steps.0/@steps.5/@steps.0/@variables.0"/>
                                      </steps>
                                    </steps>
                                  </steps>
                                </steps>
                                <steps xsi:type="lst:SequenceStep" name="Call MOVWF">
                                  <steps xsi:type="lst:SequenceStep" name="microchip.pic16.MOVWF">
                                    <steps xsi:type="lst:SequenceStep">
                                      <steps xsi:type="lst:InstructionStep" code="128" width="14">
                                        <refs size="7" value="//@step/@steps.0/@steps.0/@steps.0/@steps.0/@steps.7/@steps.0/@steps.0/@steps.5/@steps.0/@variables.0"/>
                                      </steps>
                                    </steps>
                                  </steps>
                                </steps>
                              </steps>
                            </steps>
                          </steps>
                        </steps>
                        <steps xsi:type="lst:SequenceStep" name="{}hu.e.compiler.internal.model.symbols.impl.NullSymbol@2dbac8">
                          <steps xsi:type="lst:SequenceStep" name="pic16.platform.add_u8">
                            <steps xsi:type="lst:SequenceStep">
                              <steps xsi:type="lst:SequenceStep">
                                <steps xsi:type="lst:SequenceStep" name="Call MOVLW">
                                  <steps xsi:type="lst:SequenceStep" name="microchip.pic16.MOVLW">
                                    <steps xsi:type="lst:SequenceStep">
                                      <steps xsi:type="lst:InstructionStep" code="12289" width="14"/>
                                    </steps>
                                  </steps>
                                </steps>
                              </steps>
                              <steps xsi:type="lst:SequenceStep" name="Call SELECTB">
                                <steps xsi:type="lst:SequenceStep" name="pic16.bankselect.SELECTB">
                                  <steps xsi:type="lst:SequenceStep">
                                    <steps xsi:type="lst:AnnotationStep" key="pic16.bankselect.bankSelectOptimization"/>
                                    <steps xsi:type="lst:InstructionStep" code="32" width="14">
                                      <refs shift="7" size="5" value="//@step/@steps.0/@steps.0/@steps.0/@steps.0/@steps.7/@steps.0/@steps.0/@steps.5/@steps.0/@variables.0"/>
                                    </steps>
                                  </steps>
                                </steps>
                              </steps>
                              <steps xsi:type="lst:SequenceStep" name="Call ADDWF">
                                <steps xsi:type="lst:SequenceStep" name="microchip.pic16.ADDWF">
                                  <steps xsi:type="lst:SequenceStep">
                                    <steps xsi:type="lst:InstructionStep" code="1920" width="14">
                                      <refs size="7" value="//@step/@steps.0/@steps.0/@steps.0/@steps.0/@steps.7/@steps.0/@steps.0/@steps.5/@steps.0/@variables.0"/>
                                    </steps>
                                  </steps>
                                </steps>
                              </steps>
                            </steps>
                          </steps>
                        </steps>
                      </steps>
                      <steps xsi:type="lst:SequenceStep" name="{}hu.e.compiler.internal.model.symbols.impl.NullSymbol@1c39502">
                        <steps xsi:type="lst:SequenceStep" name="pic16.platform.set_u8">
                          <steps xsi:type="lst:SequenceStep">
                            <steps xsi:type="lst:SequenceStep">
                              <steps xsi:type="lst:SequenceStep" name="Call SELECTB">
                                <steps xsi:type="lst:StatusStep" severity="ERROR" message="Literal value does not have an address. at main line 26"/>
                                <steps xsi:type="lst:SequenceStep" name="pic16.bankselect.SELECTB">
                                  <steps xsi:type="lst:SequenceStep">
                                    <steps xsi:type="lst:AnnotationStep" key="pic16.bankselect.bankSelectOptimization"/>
                                    <steps xsi:type="lst:StatusStep" severity="ERROR" message="Cannot resolve symbol: hu.e.parser.eSyntax.impl.ParameterVariableImpl@6cfb7d (name: f) (kind: default, default: null) at pic16.bankselect line 10"/>
                                  </steps>
                                </steps>
                              </steps>
                              <steps xsi:type="lst:SequenceStep" name="Call MOVF">
                                <steps xsi:type="lst:StatusStep" severity="ERROR" message="Literal value does not have an address. at main line 26"/>
                                <steps xsi:type="lst:SequenceStep" name="microchip.pic16.MOVF">
                                  <steps xsi:type="lst:SequenceStep">
                                    <steps xsi:type="lst:StatusStep" severity="ERROR" message="Cannot resolve symbol: hu.e.parser.eSyntax.impl.ParameterVariableImpl@9fdb4a (name: f) (kind: default, default: null) at microchip.pic16 line 62"/>
                                  </steps>
                                </steps>
                              </steps>
                              <steps xsi:type="lst:SequenceStep" name="Call SELECTB">
                                <steps xsi:type="lst:SequenceStep" name="pic16.bankselect.SELECTB">
                                  <steps xsi:type="lst:SequenceStep">
                                    <steps xsi:type="lst:AnnotationStep" key="pic16.bankselect.bankSelectOptimization"/>
                                    <steps xsi:type="lst:InstructionStep" code="32" width="14">
                                      <refs shift="7" size="5" value="//@step/@steps.0/@steps.0/@steps.0/@steps.0/@steps.7/@steps.0/@steps.0/@variables.0"/>
                                    </steps>
                                  </steps>
                                </steps>
                              </steps>
                              <steps xsi:type="lst:SequenceStep" name="Call MOVWF">
                                <steps xsi:type="lst:SequenceStep" name="microchip.pic16.MOVWF">
                                  <steps xsi:type="lst:SequenceStep">
                                    <steps xsi:type="lst:InstructionStep" code="128" width="14">
                                      <refs size="7" value="//@step/@steps.0/@steps.0/@steps.0/@steps.0/@steps.7/@steps.0/@steps.0/@variables.0"/>
                                    </steps>
                                  </steps>
                                </steps>
                              </steps>
                            </steps>
                          </steps>
                        </steps>
                      </steps>
                      <variables size="1" name="buffer"/>
                    </steps>
                  </steps>
                  <steps xsi:type="lst:LabelStep"/>
                  <steps xsi:type="lst:SequenceStep" name="Call GOTO">
                    <steps xsi:type="lst:SequenceStep" name="microchip.pic16.GOTO">
                      <steps xsi:type="lst:SequenceStep">
                        <steps xsi:type="lst:InstructionStep" code="10240" width="14">
                          <refs size="11" value="//@step/@steps.0/@steps.0/@steps.0/@steps.0/@steps.7/@steps.0/@steps.0/@steps.1"/>
                        </steps>
                      </steps>
                    </steps>
                  </steps>
                  <variables size="1" name="d"/>
                  <variables size="1" name="result"/>
                </steps>
              </steps>
            </steps>
          </steps>
        </steps>
      </steps>
    </steps>
  </step>
</lst:ProgramList>
